<?xml version="1.0" encoding="UTF-8"?>
<!-- Generated by org.testng.reporters.JUnitXMLReporter -->
<testsuite ignored="1" hostname="DESKTOP-HNDBH1C" failures="0" tests="2" name="Default test" time="21.495" errors="0" timestamp="2023-06-04T19:31:25 PDT">
  <testcase classname="opencartpackage.Login" name="Getinfo" time="12.602"/>
  <testcase classname="opencartpackage.Login" name="Getinfo" time="8.797"/>
  <testcase classname="opencartpackage.Login" name="performLogin" time="0.0">
    <ignored/>
  </testcase> <!-- performLogin -->
</testsuite> <!-- Default test -->
