<?xml version="1.0" encoding="UTF-8"?>
<testng-results ignored="1" total="3" passed="2" failed="0" skipped="0">
  <reporter-output>
  </reporter-output>
  <suite started-at="2023-06-04T19:31:04 PDT" name="Default suite" finished-at="2023-06-04T19:31:25 PDT" duration-ms="21495">
    <groups>
    </groups>
    <test started-at="2023-06-04T19:31:04 PDT" name="Default test" finished-at="2023-06-04T19:31:25 PDT" duration-ms="21495">
      <class name="opencartpackage.Login">
        <test-method signature="Getinfo(java.lang.String,java.lang.String,java.lang.String)[pri:3, instance:opencartpackage.Login@1da2cb77]" started-at="2023-06-04T19:31:04 PDT" name="Getinfo" data-provider="logindata" finished-at="2023-06-04T19:31:16 PDT" duration-ms="12602" status="PASS">
          <params>
            <param index="0">
              <value>
                <![CDATA[ValidEmail]]>
              </value>
            </param>
            <param index="1">
              <value>
                <![CDATA[username814@gmail.com]]>
              </value>
            </param>
            <param index="2">
              <value>
                <![CDATA[aaa222555]]>
              </value>
            </param>
          </params>
          <reporter-output>
          </reporter-output>
        </test-method> <!-- Getinfo -->
        <test-method signature="Getinfo(java.lang.String,java.lang.String,java.lang.String)[pri:3, instance:opencartpackage.Login@1da2cb77]" started-at="2023-06-04T19:31:16 PDT" name="Getinfo" data-provider="logindata" finished-at="2023-06-04T19:31:25 PDT" duration-ms="8797" status="PASS">
          <params>
            <param index="0">
              <value>
                <![CDATA[InvalidEmail]]>
              </value>
            </param>
            <param index="1">
              <value>
                <![CDATA[username82489@gmail.com]]>
              </value>
            </param>
            <param index="2">
              <value>
                <![CDATA[aaa222555]]>
              </value>
            </param>
          </params>
          <reporter-output>
          </reporter-output>
        </test-method> <!-- Getinfo -->
      </class> <!-- opencartpackage.Login -->
    </test> <!-- Default test -->
  </suite> <!-- Default suite -->
</testng-results>
